[debug] [2021-06-26T15:07:19.194Z] ----------------------------------------------------------------------
[debug] [2021-06-26T15:07:19.197Z] Command:       /usr/local/bin/firebase /Users/neerajkumar/.cache/firebase/tools/lib/node_modules/firebase-tools/lib/bin/firebase deploy
[debug] [2021-06-26T15:07:19.198Z] CLI Version:   9.8.0
[debug] [2021-06-26T15:07:19.198Z] Platform:      darwin
[debug] [2021-06-26T15:07:19.198Z] Node Version:  v12.2.0
[debug] [2021-06-26T15:07:19.205Z] Time:          Sat Jun 26 2021 20:37:19 GMT+0530 (India Standard Time)
[debug] [2021-06-26T15:07:19.205Z] ----------------------------------------------------------------------
[debug] 
[debug] [2021-06-26T15:07:19.220Z] > command requires scopes: ["email","openid","https://www.googleapis.com/auth/cloudplatformprojects.readonly","https://www.googleapis.com/auth/firebase","https://www.googleapis.com/auth/cloud-platform"]
[debug] [2021-06-26T15:07:19.221Z] > authorizing via signed-in user
[debug] [2021-06-26T15:07:19.221Z] [iam] checking project video-on-demand-c10d7 for permissions ["firebase.projects.get","firebasehosting.sites.update"]
[debug] [2021-06-26T15:07:19.226Z] > refreshing access token with scopes: ["email","https://www.googleapis.com/auth/cloud-platform","https://www.googleapis.com/auth/cloudplatformprojects.readonly","https://www.googleapis.com/auth/firebase","openid"]
[debug] [2021-06-26T15:07:19.226Z] >>> HTTP REQUEST POST https://www.googleapis.com/oauth2/v3/token  
 <request body omitted>
[debug] [2021-06-26T15:07:22.102Z] <<< HTTP RESPONSE 200 {"expires":"Mon, 01 Jan 1990 00:00:00 GMT","date":"Sat, 26 Jun 2021 15:07:21 GMT","cache-control":"no-cache, no-store, max-age=0, must-revalidate","pragma":"no-cache","content-type":"application/json; charset=utf-8","vary":"X-Origin, Referer, Origin,Accept-Encoding","server":"scaffolding on HTTPServer2","x-xss-protection":"0","x-frame-options":"SAMEORIGIN","x-content-type-options":"nosniff","alt-svc":"h3=\":443\"; ma=2592000,h3-29=\":443\"; ma=2592000,h3-T051=\":443\"; ma=2592000,h3-Q050=\":443\"; ma=2592000,h3-Q046=\":443\"; ma=2592000,h3-Q043=\":443\"; ma=2592000,quic=\":443\"; ma=2592000; v=\"46,43\"","accept-ranges":"none","transfer-encoding":"chunked"}
[debug] [2021-06-26T15:07:22.115Z] >>> HTTP REQUEST POST https://cloudresourcemanager.googleapis.com/v1/projects/video-on-demand-c10d7:testIamPermissions  
 {"permissions":["firebase.projects.get","firebasehosting.sites.update"]}
[debug] [2021-06-26T15:07:26.685Z] <<< HTTP RESPONSE 200 {"content-type":"application/json; charset=UTF-8","vary":"X-Origin, Referer, Origin,Accept-Encoding","date":"Sat, 26 Jun 2021 15:07:26 GMT","server":"ESF","cache-control":"private","x-xss-protection":"0","x-frame-options":"SAMEORIGIN","x-content-type-options":"nosniff","server-timing":"gfet4t7; dur=1439","alt-svc":"h3=\":443\"; ma=2592000,h3-29=\":443\"; ma=2592000,h3-T051=\":443\"; ma=2592000,h3-Q050=\":443\"; ma=2592000,h3-Q046=\":443\"; ma=2592000,h3-Q043=\":443\"; ma=2592000,quic=\":443\"; ma=2592000; v=\"46,43\"","accept-ranges":"none","transfer-encoding":"chunked"}
[debug] [2021-06-26T15:07:26.687Z] > refreshing access token with scopes: []
[debug] [2021-06-26T15:07:26.688Z] >>> HTTP REQUEST POST https://www.googleapis.com/oauth2/v3/token  
 <request body omitted>
[debug] [2021-06-26T15:07:29.486Z] <<< HTTP RESPONSE 200 {"pragma":"no-cache","date":"Sat, 26 Jun 2021 15:07:28 GMT","expires":"Mon, 01 Jan 1990 00:00:00 GMT","cache-control":"no-cache, no-store, max-age=0, must-revalidate","content-type":"application/json; charset=utf-8","vary":"X-Origin, Referer, Origin,Accept-Encoding","server":"scaffolding on HTTPServer2","x-xss-protection":"0","x-frame-options":"SAMEORIGIN","x-content-type-options":"nosniff","alt-svc":"h3=\":443\"; ma=2592000,h3-29=\":443\"; ma=2592000,h3-T051=\":443\"; ma=2592000,h3-Q050=\":443\"; ma=2592000,h3-Q046=\":443\"; ma=2592000,h3-Q043=\":443\"; ma=2592000,quic=\":443\"; ma=2592000; v=\"46,43\"","accept-ranges":"none","transfer-encoding":"chunked"}
[debug] [2021-06-26T15:07:29.503Z] >>> [apiv2][query] GET https://firebase.googleapis.com/v1beta1/projects/video-on-demand-c10d7 [none]
[debug] [2021-06-26T15:07:32.995Z] <<< [apiv2][status] GET https://firebase.googleapis.com/v1beta1/projects/video-on-demand-c10d7 200
[debug] [2021-06-26T15:07:32.995Z] <<< [apiv2][body] GET https://firebase.googleapis.com/v1beta1/projects/video-on-demand-c10d7 {"projectId":"video-on-demand-c10d7","projectNumber":"951032360743","displayName":"Video On Demand","name":"projects/video-on-demand-c10d7","resources":{"hostingSite":"video-on-demand-c10d7"},"state":"ACTIVE"}
[info] 
[info] === Deploying to 'video-on-demand-c10d7'...
[info] 
[info] i  deploying hosting 
[debug] [2021-06-26T15:07:33.001Z] > refreshing access token with scopes: ["email","https://www.googleapis.com/auth/cloud-platform","https://www.googleapis.com/auth/cloudplatformprojects.readonly","https://www.googleapis.com/auth/firebase","openid"]
[debug] [2021-06-26T15:07:33.001Z] >>> HTTP REQUEST POST https://www.googleapis.com/oauth2/v3/token  
 <request body omitted>
[debug] [2021-06-26T15:07:36.850Z] <<< HTTP RESPONSE 200 {"date":"Sat, 26 Jun 2021 15:07:36 GMT","pragma":"no-cache","cache-control":"no-cache, no-store, max-age=0, must-revalidate","expires":"Mon, 01 Jan 1990 00:00:00 GMT","content-type":"application/json; charset=utf-8","vary":"X-Origin, Referer, Origin,Accept-Encoding","server":"scaffolding on HTTPServer2","x-xss-protection":"0","x-frame-options":"SAMEORIGIN","x-content-type-options":"nosniff","alt-svc":"h3=\":443\"; ma=2592000,h3-29=\":443\"; ma=2592000,h3-T051=\":443\"; ma=2592000,h3-Q050=\":443\"; ma=2592000,h3-Q046=\":443\"; ma=2592000,h3-Q043=\":443\"; ma=2592000,quic=\":443\"; ma=2592000; v=\"46,43\"","accept-ranges":"none","transfer-encoding":"chunked"}
[debug] [2021-06-26T15:07:36.859Z] >>> HTTP REQUEST POST https://firebasehosting.googleapis.com/v1beta1/sites/video-on-demand-c10d7/versions  
 {"config":{"rewrites":[{"glob":"**","path":"/index.html"}]},"labels":{"deployment-tool":"cli-firebase"}}
[debug] [2021-06-26T15:07:41.566Z] <<< HTTP RESPONSE 200 {"content-type":"application/json; charset=UTF-8","vary":"X-Origin, Referer, Origin,Accept-Encoding","date":"Sat, 26 Jun 2021 15:07:41 GMT","server":"ESF","cache-control":"private","x-xss-protection":"0","x-frame-options":"SAMEORIGIN","x-content-type-options":"nosniff","alt-svc":"h3=\":443\"; ma=2592000,h3-29=\":443\"; ma=2592000,h3-T051=\":443\"; ma=2592000,h3-Q050=\":443\"; ma=2592000,h3-Q046=\":443\"; ma=2592000,h3-Q043=\":443\"; ma=2592000,quic=\":443\"; ma=2592000; v=\"46,43\"","accept-ranges":"none","transfer-encoding":"chunked"}
[info] i  hosting[video-on-demand-c10d7]: beginning deploy... 
[info] i  hosting[video-on-demand-c10d7]: found 18 files in build 
[debug] [2021-06-26T15:07:41.588Z] [hosting] hash cache [YnVpbGQ] not populated
[debug] [2021-06-26T15:07:41.848Z] > refreshing access token with scopes: []
[debug] [2021-06-26T15:07:41.848Z] >>> HTTP REQUEST POST https://www.googleapis.com/oauth2/v3/token  
 <request body omitted>
[debug] [2021-06-26T15:07:41.850Z] [hosting] hash cache [YnVpbGQ] stored for 18 files
[debug] [2021-06-26T15:07:41.850Z] [hosting][hash queue][FINAL] {"max":247,"min":20,"avg":40.5,"active":0,"complete":18,"success":18,"errored":0,"retried":0,"total":18,"elapsed":261}
[debug] [2021-06-26T15:07:44.236Z] <<< HTTP RESPONSE 200 {"expires":"Mon, 01 Jan 1990 00:00:00 GMT","cache-control":"no-cache, no-store, max-age=0, must-revalidate","date":"Sat, 26 Jun 2021 15:07:43 GMT","pragma":"no-cache","content-type":"application/json; charset=utf-8","vary":"X-Origin, Referer, Origin,Accept-Encoding","server":"scaffolding on HTTPServer2","x-xss-protection":"0","x-frame-options":"SAMEORIGIN","x-content-type-options":"nosniff","alt-svc":"h3=\":443\"; ma=2592000,h3-29=\":443\"; ma=2592000,h3-T051=\":443\"; ma=2592000,h3-Q050=\":443\"; ma=2592000,h3-Q046=\":443\"; ma=2592000,h3-Q043=\":443\"; ma=2592000,quic=\":443\"; ma=2592000; v=\"46,43\"","accept-ranges":"none","transfer-encoding":"chunked"}
[debug] [2021-06-26T15:07:44.247Z] >>> [apiv2][query] POST https://firebasehosting.googleapis.com/v1beta1/sites/video-on-demand-c10d7/versions/d668972eb3ea52b9:populateFiles [none]
[debug] [2021-06-26T15:07:44.247Z] >>> [apiv2][body] POST https://firebasehosting.googleapis.com/v1beta1/sites/video-on-demand-c10d7/versions/d668972eb3ea52b9:populateFiles {"files":{"/asset-manifest.json":"f6aae18a4d8ce674930c2f849582f3cacfe9b1afd0c24194f549ea93f20b7269","/index.html":"1663e8ce33153d594af069f763b289d017980dea6a78791dac7f4d57a98a54cf","/logo512.png":"191fc21360b4ccfb1cda11a1efb97f489ed22672ca83f4064316802bbfdd750e","/favicon.ico":"b72f7455f00e4e58792d2bca892abb068e2213838c0316d6b7a0d6d16acd1955","/static/css/main.9db2b0f3.chunk.css":"32adcad8390b06cf3870e8a66ceb339e69a20557efbe9600456eacbda625b705","/static/css/main.9db2b0f3.chunk.css.map":"b825aa31d508025f662e1866aca48fee854b9d69f575b8c6825f7f4bb441ceba","/logo192.png":"caff018b7f1e8fd481eb1c50d75b0ef236bcd5078b1d15c8bb348453fee30293","/static/js/2.826d3a3f.chunk.js.LICENSE.txt":"4059ba0aea0b780aee9cdbeca6da922717c89194d37ee2b120e7816ac24e75fc","/static/js/main.07aa08d7.chunk.js":"665a7b2c341381eb5657810b41f7e7a1c2bb1798918628b81839d2f74e699b9c","/static/js/main.07aa08d7.chunk.js.map":"7c7fbba3d0b7aebf1e123999554b1b515eef528ec101594ce7e8b35fb223c0f5","/static/js/runtime-main.d6a50406.js":"bd5a1059026b1894334e8f3ab5b4b0f671fedb0e808df3d60574317a56dc4995","/static/js/runtime-main.d6a50406.js.map":"f5c6a442a579851d92baeb5302f973f3bc313ee13726796b646927ebbd120f21","/manifest.json":"341d52628782f8ac9290bbfc43298afccb47b7cbfcee146ae30cf0f46bc30900","/robots.txt":"391d14b3c2f8c9143a27a28c7399585142228d4d1bdbe2c87ac946de411fa9a2","/static/css/2.4c97ca4f.chunk.css":"67097da41de73859d01dc33de8b3103f52bd7a046af85ee85cc5987de5d482f3","/static/js/2.826d3a3f.chunk.js":"c0978ab7008c1d56919c45611ef6debc81bc0da939085a0f1e8ea5d13f9581a4","/static/css/2.4c97ca4f.chunk.css.map":"90e829ad71b38950ec768f0389ca9adb5ff91b3f16bd54c26f66bbf8889660f8","/static/js/2.826d3a3f.chunk.js.map":"eff9c661650946754bad01d1028caa2e3022e24276bd72ee0ba6665cfd4086f5"}}
[debug] [2021-06-26T15:07:49.175Z] <<< [apiv2][status] POST https://firebasehosting.googleapis.com/v1beta1/sites/video-on-demand-c10d7/versions/d668972eb3ea52b9:populateFiles 200
[debug] [2021-06-26T15:07:49.175Z] <<< [apiv2][body] POST https://firebasehosting.googleapis.com/v1beta1/sites/video-on-demand-c10d7/versions/d668972eb3ea52b9:populateFiles {"uploadRequiredHashes":["1663e8ce33153d594af069f763b289d017980dea6a78791dac7f4d57a98a54cf","f6aae18a4d8ce674930c2f849582f3cacfe9b1afd0c24194f549ea93f20b7269","4059ba0aea0b780aee9cdbeca6da922717c89194d37ee2b120e7816ac24e75fc","391d14b3c2f8c9143a27a28c7399585142228d4d1bdbe2c87ac946de411fa9a2","bd5a1059026b1894334e8f3ab5b4b0f671fedb0e808df3d60574317a56dc4995","b825aa31d508025f662e1866aca48fee854b9d69f575b8c6825f7f4bb441ceba","665a7b2c341381eb5657810b41f7e7a1c2bb1798918628b81839d2f74e699b9c","341d52628782f8ac9290bbfc43298afccb47b7cbfcee146ae30cf0f46bc30900","7c7fbba3d0b7aebf1e123999554b1b515eef528ec101594ce7e8b35fb223c0f5","eff9c661650946754bad01d1028caa2e3022e24276bd72ee0ba6665cfd4086f5","32adcad8390b06cf3870e8a66ceb339e69a20557efbe9600456eacbda625b705","c0978ab7008c1d56919c45611ef6debc81bc0da939085a0f1e8ea5d13f9581a4","191fc21360b4ccfb1cda11a1efb97f489ed22672ca83f4064316802bbfdd750e","caff018b7f1e8fd481eb1c50d75b0ef236bcd5078b1d15c8bb348453fee30293","90e829ad71b38950ec768f0389ca9adb5ff91b3f16bd54c26f66bbf8889660f8","67097da41de73859d01dc33de8b3103f52bd7a046af85ee85cc5987de5d482f3","f5c6a442a579851d92baeb5302f973f3bc313ee13726796b646927ebbd120f21","b72f7455f00e4e58792d2bca892abb068e2213838c0316d6b7a0d6d16acd1955"],"uploadUrl":"https://upload-firebasehosting.googleapis.com/upload/sites/video-on-demand-c10d7/versions/d668972eb3ea52b9/files"}
[debug] [2021-06-26T15:07:49.186Z] >>> [apiv2][query] POST https://upload-firebasehosting.googleapis.com/upload/sites/video-on-demand-c10d7/versions/d668972eb3ea52b9/files/1663e8ce33153d594af069f763b289d017980dea6a78791dac7f4d57a98a54cf [none]
[debug] [2021-06-26T15:07:49.187Z] >>> [apiv2][body] POST https://upload-firebasehosting.googleapis.com/upload/sites/video-on-demand-c10d7/versions/d668972eb3ea52b9/files/1663e8ce33153d594af069f763b289d017980dea6a78791dac7f4d57a98a54cf [stream]
[debug] [2021-06-26T15:07:49.189Z] >>> [apiv2][query] POST https://upload-firebasehosting.googleapis.com/upload/sites/video-on-demand-c10d7/versions/d668972eb3ea52b9/files/f6aae18a4d8ce674930c2f849582f3cacfe9b1afd0c24194f549ea93f20b7269 [none]
[debug] [2021-06-26T15:07:49.189Z] >>> [apiv2][body] POST https://upload-firebasehosting.googleapis.com/upload/sites/video-on-demand-c10d7/versions/d668972eb3ea52b9/files/f6aae18a4d8ce674930c2f849582f3cacfe9b1afd0c24194f549ea93f20b7269 [stream]
[debug] [2021-06-26T15:07:49.190Z] >>> [apiv2][query] POST https://upload-firebasehosting.googleapis.com/upload/sites/video-on-demand-c10d7/versions/d668972eb3ea52b9/files/4059ba0aea0b780aee9cdbeca6da922717c89194d37ee2b120e7816ac24e75fc [none]
[debug] [2021-06-26T15:07:49.190Z] >>> [apiv2][body] POST https://upload-firebasehosting.googleapis.com/upload/sites/video-on-demand-c10d7/versions/d668972eb3ea52b9/files/4059ba0aea0b780aee9cdbeca6da922717c89194d37ee2b120e7816ac24e75fc [stream]
[debug] [2021-06-26T15:07:49.192Z] >>> [apiv2][query] POST https://upload-firebasehosting.googleapis.com/upload/sites/video-on-demand-c10d7/versions/d668972eb3ea52b9/files/391d14b3c2f8c9143a27a28c7399585142228d4d1bdbe2c87ac946de411fa9a2 [none]
[debug] [2021-06-26T15:07:49.192Z] >>> [apiv2][body] POST https://upload-firebasehosting.googleapis.com/upload/sites/video-on-demand-c10d7/versions/d668972eb3ea52b9/files/391d14b3c2f8c9143a27a28c7399585142228d4d1bdbe2c87ac946de411fa9a2 [stream]
[debug] [2021-06-26T15:07:49.193Z] >>> [apiv2][query] POST https://upload-firebasehosting.googleapis.com/upload/sites/video-on-demand-c10d7/versions/d668972eb3ea52b9/files/bd5a1059026b1894334e8f3ab5b4b0f671fedb0e808df3d60574317a56dc4995 [none]
[debug] [2021-06-26T15:07:49.193Z] >>> [apiv2][body] POST https://upload-firebasehosting.googleapis.com/upload/sites/video-on-demand-c10d7/versions/d668972eb3ea52b9/files/bd5a1059026b1894334e8f3ab5b4b0f671fedb0e808df3d60574317a56dc4995 [stream]
[debug] [2021-06-26T15:07:49.194Z] >>> [apiv2][query] POST https://upload-firebasehosting.googleapis.com/upload/sites/video-on-demand-c10d7/versions/d668972eb3ea52b9/files/b825aa31d508025f662e1866aca48fee854b9d69f575b8c6825f7f4bb441ceba [none]
[debug] [2021-06-26T15:07:49.194Z] >>> [apiv2][body] POST https://upload-firebasehosting.googleapis.com/upload/sites/video-on-demand-c10d7/versions/d668972eb3ea52b9/files/b825aa31d508025f662e1866aca48fee854b9d69f575b8c6825f7f4bb441ceba [stream]
[debug] [2021-06-26T15:07:49.195Z] >>> [apiv2][query] POST https://upload-firebasehosting.googleapis.com/upload/sites/video-on-demand-c10d7/versions/d668972eb3ea52b9/files/665a7b2c341381eb5657810b41f7e7a1c2bb1798918628b81839d2f74e699b9c [none]
[debug] [2021-06-26T15:07:49.195Z] >>> [apiv2][body] POST https://upload-firebasehosting.googleapis.com/upload/sites/video-on-demand-c10d7/versions/d668972eb3ea52b9/files/665a7b2c341381eb5657810b41f7e7a1c2bb1798918628b81839d2f74e699b9c [stream]
[debug] [2021-06-26T15:07:49.195Z] >>> [apiv2][query] POST https://upload-firebasehosting.googleapis.com/upload/sites/video-on-demand-c10d7/versions/d668972eb3ea52b9/files/341d52628782f8ac9290bbfc43298afccb47b7cbfcee146ae30cf0f46bc30900 [none]
[debug] [2021-06-26T15:07:49.196Z] >>> [apiv2][body] POST https://upload-firebasehosting.googleapis.com/upload/sites/video-on-demand-c10d7/versions/d668972eb3ea52b9/files/341d52628782f8ac9290bbfc43298afccb47b7cbfcee146ae30cf0f46bc30900 [stream]
[debug] [2021-06-26T15:07:49.196Z] >>> [apiv2][query] POST https://upload-firebasehosting.googleapis.com/upload/sites/video-on-demand-c10d7/versions/d668972eb3ea52b9/files/7c7fbba3d0b7aebf1e123999554b1b515eef528ec101594ce7e8b35fb223c0f5 [none]
[debug] [2021-06-26T15:07:49.196Z] >>> [apiv2][body] POST https://upload-firebasehosting.googleapis.com/upload/sites/video-on-demand-c10d7/versions/d668972eb3ea52b9/files/7c7fbba3d0b7aebf1e123999554b1b515eef528ec101594ce7e8b35fb223c0f5 [stream]
[debug] [2021-06-26T15:07:49.197Z] >>> [apiv2][query] POST https://upload-firebasehosting.googleapis.com/upload/sites/video-on-demand-c10d7/versions/d668972eb3ea52b9/files/eff9c661650946754bad01d1028caa2e3022e24276bd72ee0ba6665cfd4086f5 [none]
[debug] [2021-06-26T15:07:49.197Z] >>> [apiv2][body] POST https://upload-firebasehosting.googleapis.com/upload/sites/video-on-demand-c10d7/versions/d668972eb3ea52b9/files/eff9c661650946754bad01d1028caa2e3022e24276bd72ee0ba6665cfd4086f5 [stream]
[debug] [2021-06-26T15:07:49.198Z] >>> [apiv2][query] POST https://upload-firebasehosting.googleapis.com/upload/sites/video-on-demand-c10d7/versions/d668972eb3ea52b9/files/32adcad8390b06cf3870e8a66ceb339e69a20557efbe9600456eacbda625b705 [none]
[debug] [2021-06-26T15:07:49.198Z] >>> [apiv2][body] POST https://upload-firebasehosting.googleapis.com/upload/sites/video-on-demand-c10d7/versions/d668972eb3ea52b9/files/32adcad8390b06cf3870e8a66ceb339e69a20557efbe9600456eacbda625b705 [stream]
[debug] [2021-06-26T15:07:49.199Z] >>> [apiv2][query] POST https://upload-firebasehosting.googleapis.com/upload/sites/video-on-demand-c10d7/versions/d668972eb3ea52b9/files/c0978ab7008c1d56919c45611ef6debc81bc0da939085a0f1e8ea5d13f9581a4 [none]
[debug] [2021-06-26T15:07:49.199Z] >>> [apiv2][body] POST https://upload-firebasehosting.googleapis.com/upload/sites/video-on-demand-c10d7/versions/d668972eb3ea52b9/files/c0978ab7008c1d56919c45611ef6debc81bc0da939085a0f1e8ea5d13f9581a4 [stream]
[debug] [2021-06-26T15:07:49.200Z] >>> [apiv2][query] POST https://upload-firebasehosting.googleapis.com/upload/sites/video-on-demand-c10d7/versions/d668972eb3ea52b9/files/191fc21360b4ccfb1cda11a1efb97f489ed22672ca83f4064316802bbfdd750e [none]
[debug] [2021-06-26T15:07:49.200Z] >>> [apiv2][body] POST https://upload-firebasehosting.googleapis.com/upload/sites/video-on-demand-c10d7/versions/d668972eb3ea52b9/files/191fc21360b4ccfb1cda11a1efb97f489ed22672ca83f4064316802bbfdd750e [stream]
[debug] [2021-06-26T15:07:49.201Z] >>> [apiv2][query] POST https://upload-firebasehosting.googleapis.com/upload/sites/video-on-demand-c10d7/versions/d668972eb3ea52b9/files/caff018b7f1e8fd481eb1c50d75b0ef236bcd5078b1d15c8bb348453fee30293 [none]
[debug] [2021-06-26T15:07:49.201Z] >>> [apiv2][body] POST https://upload-firebasehosting.googleapis.com/upload/sites/video-on-demand-c10d7/versions/d668972eb3ea52b9/files/caff018b7f1e8fd481eb1c50d75b0ef236bcd5078b1d15c8bb348453fee30293 [stream]
[debug] [2021-06-26T15:07:49.202Z] >>> [apiv2][query] POST https://upload-firebasehosting.googleapis.com/upload/sites/video-on-demand-c10d7/versions/d668972eb3ea52b9/files/90e829ad71b38950ec768f0389ca9adb5ff91b3f16bd54c26f66bbf8889660f8 [none]
[debug] [2021-06-26T15:07:49.202Z] >>> [apiv2][body] POST https://upload-firebasehosting.googleapis.com/upload/sites/video-on-demand-c10d7/versions/d668972eb3ea52b9/files/90e829ad71b38950ec768f0389ca9adb5ff91b3f16bd54c26f66bbf8889660f8 [stream]
[debug] [2021-06-26T15:07:49.202Z] >>> [apiv2][query] POST https://upload-firebasehosting.googleapis.com/upload/sites/video-on-demand-c10d7/versions/d668972eb3ea52b9/files/67097da41de73859d01dc33de8b3103f52bd7a046af85ee85cc5987de5d482f3 [none]
[debug] [2021-06-26T15:07:49.202Z] >>> [apiv2][body] POST https://upload-firebasehosting.googleapis.com/upload/sites/video-on-demand-c10d7/versions/d668972eb3ea52b9/files/67097da41de73859d01dc33de8b3103f52bd7a046af85ee85cc5987de5d482f3 [stream]
[debug] [2021-06-26T15:07:49.203Z] >>> [apiv2][query] POST https://upload-firebasehosting.googleapis.com/upload/sites/video-on-demand-c10d7/versions/d668972eb3ea52b9/files/f5c6a442a579851d92baeb5302f973f3bc313ee13726796b646927ebbd120f21 [none]
[debug] [2021-06-26T15:07:49.203Z] >>> [apiv2][body] POST https://upload-firebasehosting.googleapis.com/upload/sites/video-on-demand-c10d7/versions/d668972eb3ea52b9/files/f5c6a442a579851d92baeb5302f973f3bc313ee13726796b646927ebbd120f21 [stream]
[debug] [2021-06-26T15:07:49.204Z] >>> [apiv2][query] POST https://upload-firebasehosting.googleapis.com/upload/sites/video-on-demand-c10d7/versions/d668972eb3ea52b9/files/b72f7455f00e4e58792d2bca892abb068e2213838c0316d6b7a0d6d16acd1955 [none]
[debug] [2021-06-26T15:07:49.204Z] >>> [apiv2][body] POST https://upload-firebasehosting.googleapis.com/upload/sites/video-on-demand-c10d7/versions/d668972eb3ea52b9/files/b72f7455f00e4e58792d2bca892abb068e2213838c0316d6b7a0d6d16acd1955 [stream]
[debug] [2021-06-26T15:07:49.205Z] [hosting][populate queue][FINAL] {"max":7339,"min":7339,"avg":7339,"active":0,"complete":1,"success":1,"errored":0,"retried":0,"total":1,"elapsed":7358}
[debug] [2021-06-26T15:07:49.205Z] [hosting] uploads queued: 18
